TicTacToe/app/build/intermediates/manifest_merge_blame_file/debug/manifest-merger-blame-debug-report.txt
1<?xml version="1.0" encoding="utf-8"?>
2<manifest xmlns:android="http://schemas.android.com/apk/res/android"
3    package="com.example.battleship"
4    android:versionCode="1"
5    android:versionName="1.0" >
6
7    <uses-sdk
8        android:minSdkVersion="16"
8-->src/main/AndroidManifest.xml
9        android:targetSdkVersion="30" />
9-->src/main/AndroidManifest.xml
10
11    <uses-permission android:name="android.permission.ACCESS_NETWORK_STATE" />
11-->src/main/AndroidManifest.xml:5:5-79
11-->src/main/AndroidManifest.xml:5:22-76
12    <uses-permission android:name="android.permission.INTERNET" />
12-->src/main/AndroidManifest.xml:6:5-67
12-->src/main/AndroidManifest.xml:6:22-64
13    <uses-permission android:name="android.permission.WAKE_LOCK" />
13-->src/main/AndroidManifest.xml:7:5-68
13-->src/main/AndroidManifest.xml:7:22-65
14
15    <!-- Required by older versions of Google Play services to create IID tokens -->
16    <uses-permission android:name="com.google.android.c2dm.permission.RECEIVE" />
16-->[com.google.firebase:firebase-iid:20.0.2] AndroidManifest.xml:26:5-82
16-->[com.google.firebase:firebase-iid:20.0.2] AndroidManifest.xml:26:22-79
17    <uses-permission android:name="com.google.android.finsky.permission.BIND_GET_INSTALL_REFERRER_SERVICE" />
17-->[com.google.android.gms:play-services-measurement:17.2.2] AndroidManifest.xml:26:5-110
17-->[com.google.android.gms:play-services-measurement:17.2.2] AndroidManifest.xml:26:22-107
18
19    <application
19-->src/main/AndroidManifest.xml:9:5-41:19
20        android:allowBackup="true"
20-->src/main/AndroidManifest.xml:10:9-35
21        android:appComponentFactory="androidx.core.app.CoreComponentFactory"
21-->[androidx.core:core:1.3.1] AndroidManifest.xml:24:18-86
22        android:configChanges="orientation|keyboardHidden"
22-->src/main/AndroidManifest.xml:11:9-59
23        android:debuggable="true"
24        android:icon="@mipmap/ic_launcher"
24-->src/main/AndroidManifest.xml:12:9-43
25        android:label="@string/app_name"
25-->src/main/AndroidManifest.xml:13:9-41
26        android:roundIcon="@mipmap/ic_launcher_round"
26-->src/main/AndroidManifest.xml:14:9-54
27        android:screenOrientation="landscape"
27-->src/main/AndroidManifest.xml:15:9-46
28        android:supportsRtl="true"
28-->src/main/AndroidManifest.xml:16:9-35
29        android:testOnly="true"
30        android:theme="@style/Theme.BattleShip" >
30-->src/main/AndroidManifest.xml:17:9-48
31        <activity android:name="com.example.battleship.OnlineGameActivity" />
31-->src/main/AndroidManifest.xml:18:9-65
31-->src/main/AndroidManifest.xml:18:19-53
32        <activity android:name="com.example.battleship.LoginActivity" />
32-->src/main/AndroidManifest.xml:19:9-51
32-->src/main/AndroidManifest.xml:19:19-48
33        <activity
33-->src/main/AndroidManifest.xml:20:9-30:20
34            android:name="com.example.battleship.SplashActivity"
34-->src/main/AndroidManifest.xml:21:13-43
35            android:configChanges="orientation|keyboardHidden"
35-->src/main/AndroidManifest.xml:22:13-63
36            android:screenOrientation="landscape"
36-->src/main/AndroidManifest.xml:23:13-50
37            android:theme="@style/FullScreenTheme" >
37-->src/main/AndroidManifest.xml:24:13-51
38            <intent-filter>
38-->src/main/AndroidManifest.xml:25:13-29:29
39                <action android:name="android.intent.action.MAIN" />
39-->src/main/AndroidManifest.xml:26:17-69
39-->src/main/AndroidManifest.xml:26:25-66
40
41                <category android:name="android.intent.category.LAUNCHER" />
41-->src/main/AndroidManifest.xml:28:17-77
41-->src/main/AndroidManifest.xml:28:27-74
42            </intent-filter>
43        </activity>
44        <activity
44-->src/main/AndroidManifest.xml:31:9-35:54
45            android:name="com.example.battleship.GameActivity"
45-->src/main/AndroidManifest.xml:32:13-41
46            android:configChanges="orientation|keyboardHidden"
46-->src/main/AndroidManifest.xml:33:13-63
47            android:screenOrientation="landscape"
47-->src/main/AndroidManifest.xml:34:13-50
48            android:theme="@style/FullScreenTheme" />
48-->src/main/AndroidManifest.xml:35:13-51
49        <activity
49-->src/main/AndroidManifest.xml:36:9-40:54
50            android:name="com.example.battleship.MenuActivity"
50-->src/main/AndroidManifest.xml:37:13-41
51            android:configChanges="orientation|keyboardHidden"
51-->src/main/AndroidManifest.xml:38:13-63
52            android:screenOrientation="landscape"
52-->src/main/AndroidManifest.xml:39:13-50
53            android:theme="@style/FullScreenTheme" />
53-->src/main/AndroidManifest.xml:40:13-51
54        <activity
54-->[com.google.firebase:firebase-auth:19.3.1] AndroidManifest.xml:24:9-31:50
55            android:name="com.google.firebase.auth.internal.FederatedSignInActivity"
55-->[com.google.firebase:firebase-auth:19.3.1] AndroidManifest.xml:25:13-85
56            android:excludeFromRecents="true"
56-->[com.google.firebase:firebase-auth:19.3.1] AndroidManifest.xml:26:13-46
57            android:exported="true"
57-->[com.google.firebase:firebase-auth:19.3.1] AndroidManifest.xml:27:13-36
58            android:launchMode="singleTask"
58-->[com.google.firebase:firebase-auth:19.3.1] AndroidManifest.xml:28:13-44
59            android:permission="com.google.firebase.auth.api.gms.permission.LAUNCH_FEDERATED_SIGN_IN"
59-->[com.google.firebase:firebase-auth:19.3.1] AndroidManifest.xml:29:13-102
60            android:theme="@android:style/Theme.Translucent.NoTitleBar" />
60-->[com.google.firebase:firebase-auth:19.3.1] AndroidManifest.xml:30:13-72
61
62        <service
62-->[com.google.firebase:firebase-auth:19.3.1] AndroidManifest.xml:33:9-39:19
63            android:name="com.google.firebase.components.ComponentDiscoveryService"
63-->[com.google.firebase:firebase-auth:19.3.1] AndroidManifest.xml:34:13-84
64            android:directBootAware="true"
64-->[com.google.firebase:firebase-common:19.3.0] AndroidManifest.xml:34:13-43
65            android:exported="false" >
65-->[com.google.firebase:firebase-auth:19.3.1] AndroidManifest.xml:35:13-37
66            <meta-data
66-->[com.google.firebase:firebase-auth:19.3.1] AndroidManifest.xml:36:13-38:85
67                android:name="com.google.firebase.components:com.google.firebase.auth.FirebaseAuthRegistrar"
67-->[com.google.firebase:firebase-auth:19.3.1] AndroidManifest.xml:37:17-109
68                android:value="com.google.firebase.components.ComponentRegistrar" />
68-->[com.google.firebase:firebase-auth:19.3.1] AndroidManifest.xml:38:17-82
69            <meta-data
69-->[com.google.firebase:firebase-database:19.3.0] AndroidManifest.xml:32:13-34:85
70                android:name="com.google.firebase.components:com.google.firebase.database.DatabaseRegistrar"
70-->[com.google.firebase:firebase-database:19.3.0] AndroidManifest.xml:33:17-109
71                android:value="com.google.firebase.components.ComponentRegistrar" />
71-->[com.google.firebase:firebase-database:19.3.0] AndroidManifest.xml:34:17-82
72            <meta-data
72-->[com.google.android.gms:play-services-measurement-api:17.2.2] AndroidManifest.xml:30:13-32:85
73                android:name="com.google.firebase.components:com.google.firebase.analytics.connector.internal.AnalyticsConnectorRegistrar"
73-->[com.google.android.gms:play-services-measurement-api:17.2.2] AndroidManifest.xml:31:17-139
74                android:value="com.google.firebase.components.ComponentRegistrar" />
74-->[com.google.android.gms:play-services-measurement-api:17.2.2] AndroidManifest.xml:32:17-82
75            <meta-data
75-->[com.google.firebase:firebase-iid:20.0.2] AndroidManifest.xml:32:13-34:85
76                android:name="com.google.firebase.components:com.google.firebase.iid.Registrar"
76-->[com.google.firebase:firebase-iid:20.0.2] AndroidManifest.xml:33:17-96
77                android:value="com.google.firebase.components.ComponentRegistrar" />
77-->[com.google.firebase:firebase-iid:20.0.2] AndroidManifest.xml:34:17-82
78        </service>
79
80        <receiver
80-->[com.google.firebase:firebase-iid:20.0.2] AndroidManifest.xml:37:9-44:20
81            android:name="com.google.firebase.iid.FirebaseInstanceIdReceiver"
81-->[com.google.firebase:firebase-iid:20.0.2] AndroidManifest.xml:38:13-78
82            android:exported="true"
82-->[com.google.firebase:firebase-iid:20.0.2] AndroidManifest.xml:39:13-36
83            android:permission="com.google.android.c2dm.permission.SEND" >
83-->[com.google.firebase:firebase-iid:20.0.2] AndroidManifest.xml:40:13-73
84            <intent-filter>
84-->[com.google.firebase:firebase-iid:20.0.2] AndroidManifest.xml:41:13-43:29
85                <action android:name="com.google.android.c2dm.intent.RECEIVE" />
85-->[com.google.firebase:firebase-iid:20.0.2] AndroidManifest.xml:42:17-81
85-->[com.google.firebase:firebase-iid:20.0.2] AndroidManifest.xml:42:25-78
86            </intent-filter>
87        </receiver>
88
89        <activity
89-->[com.google.android.gms:play-services-base:17.1.0] AndroidManifest.xml:23:9-26:75
90            android:name="com.google.android.gms.common.api.GoogleApiActivity"
90-->[com.google.android.gms:play-services-base:17.1.0] AndroidManifest.xml:24:13-79
91            android:exported="false"
91-->[com.google.android.gms:play-services-base:17.1.0] AndroidManifest.xml:25:13-37
92            android:theme="@android:style/Theme.Translucent.NoTitleBar" />
92-->[com.google.android.gms:play-services-base:17.1.0] AndroidManifest.xml:26:13-72
93
94        <receiver
94-->[com.google.android.gms:play-services-measurement:17.2.2] AndroidManifest.xml:29:9-33:20
95            android:name="com.google.android.gms.measurement.AppMeasurementReceiver"
95-->[com.google.android.gms:play-services-measurement:17.2.2] AndroidManifest.xml:30:13-85
96            android:enabled="true"
96-->[com.google.android.gms:play-services-measurement:17.2.2] AndroidManifest.xml:31:13-35
97            android:exported="false" >
97-->[com.google.android.gms:play-services-measurement:17.2.2] AndroidManifest.xml:32:13-37
98        </receiver>
99        <receiver
99-->[com.google.android.gms:play-services-measurement:17.2.2] AndroidManifest.xml:34:9-42:20
100            android:name="com.google.android.gms.measurement.AppMeasurementInstallReferrerReceiver"
100-->[com.google.android.gms:play-services-measurement:17.2.2] AndroidManifest.xml:35:13-100
101            android:enabled="true"
101-->[com.google.android.gms:play-services-measurement:17.2.2] AndroidManifest.xml:36:13-35
102            android:exported="true"
102-->[com.google.android.gms:play-services-measurement:17.2.2] AndroidManifest.xml:37:13-36
103            android:permission="android.permission.INSTALL_PACKAGES" >
103-->[com.google.android.gms:play-services-measurement:17.2.2] AndroidManifest.xml:38:13-69
104            <intent-filter>
104-->[com.google.android.gms:play-services-measurement:17.2.2] AndroidManifest.xml:39:13-41:29
105                <action android:name="com.android.vending.INSTALL_REFERRER" />
105-->[com.google.android.gms:play-services-measurement:17.2.2] AndroidManifest.xml:40:17-79
105-->[com.google.android.gms:play-services-measurement:17.2.2] AndroidManifest.xml:40:25-76
106            </intent-filter>
107        </receiver>
108
109        <service
109-->[com.google.android.gms:play-services-measurement:17.2.2] AndroidManifest.xml:44:9-47:40
110            android:name="com.google.android.gms.measurement.AppMeasurementService"
110-->[com.google.android.gms:play-services-measurement:17.2.2] AndroidManifest.xml:45:13-84
111            android:enabled="true"
111-->[com.google.android.gms:play-services-measurement:17.2.2] AndroidManifest.xml:46:13-35
112            android:exported="false" />
112-->[com.google.android.gms:play-services-measurement:17.2.2] AndroidManifest.xml:47:13-37
113        <service
113-->[com.google.android.gms:play-services-measurement:17.2.2] AndroidManifest.xml:48:9-52:72
114            android:name="com.google.android.gms.measurement.AppMeasurementJobService"
114-->[com.google.android.gms:play-services-measurement:17.2.2] AndroidManifest.xml:49:13-87
115            android:enabled="true"
115-->[com.google.android.gms:play-services-measurement:17.2.2] AndroidManifest.xml:50:13-35
116            android:exported="false"
116-->[com.google.android.gms:play-services-measurement:17.2.2] AndroidManifest.xml:51:13-37
117            android:permission="android.permission.BIND_JOB_SERVICE" />
117-->[com.google.android.gms:play-services-measurement:17.2.2] AndroidManifest.xml:52:13-69
118
119        <provider
119-->[com.google.firebase:firebase-common:19.3.0] AndroidManifest.xml:26:9-30:39
120            android:name="com.google.firebase.provider.FirebaseInitProvider"
120-->[com.google.firebase:firebase-common:19.3.0] AndroidManifest.xml:27:13-77
121            android:authorities="com.example.battleship.firebaseinitprovider"
121-->[com.google.firebase:firebase-common:19.3.0] AndroidManifest.xml:28:13-72
122            android:exported="false"
122-->[com.google.firebase:firebase-common:19.3.0] AndroidManifest.xml:29:13-37
123            android:initOrder="100" />
123-->[com.google.firebase:firebase-common:19.3.0] AndroidManifest.xml:30:13-36
124
125        <meta-data
125-->[com.google.android.gms:play-services-basement:17.0.0] AndroidManifest.xml:23:9-25:69
126            android:name="com.google.android.gms.version"
126-->[com.google.android.gms:play-services-basement:17.0.0] AndroidManifest.xml:24:13-58
127            android:value="@integer/google_play_services_version" />
127-->[com.google.android.gms:play-services-basement:17.0.0] AndroidManifest.xml:25:13-66
128    </application>
129
130</manifest>